<?xml version="1.0" encoding="utf-8"?><testsuites name="pytest tests"><testsuite name="pytest" errors="0" failures="0" skipped="0" tests="6" time="3.983" timestamp="2026-07-21T11:01:37.446902+00:00" hostname="agent-env-a81ef064-9ff9-4507-9891-e9ad565bbc88"><testcase classname="tests.test_iter22_navbar_changelog_ops" name="test_changelog_returns_releases" time="0.901" /><testcase classname="tests.test_iter22_navbar_changelog_ops" name="test_ops_update_no_scripts" time="0.208" /><testcase classname="tests.test_iter22_navbar_changelog_ops" name="test_ops_fix_no_scripts" time="0.200" /><testcase classname="tests.test_iter22_navbar_changelog_ops" name="test_ops_restart_panel" time="0.188" /><testcase classname="tests.test_iter22_navbar_changelog_ops" name="test_ops_restart_server" time="0.235" /><testcase classname="tests.test_iter22_navbar_changelog_ops" name="test_project_environment_field" time="0.826" /></testsuite></testsuites>