<?xml version="1.0" encoding="utf-8"?><testsuites name="pytest tests"><testsuite name="pytest" errors="0" failures="0" skipped="0" tests="12" time="4.906" timestamp="2026-07-20T02:56:43.175818+00:00" hostname="agent-env-a81ef064-9ff9-4507-9891-e9ad565bbc88"><testcase classname="tests.test_iter9_ssl_badge" name="test_root" time="0.287" /><testcase classname="tests.test_iter9_ssl_badge" name="test_login" time="0.507" /><testcase classname="tests.test_iter9_ssl_badge" name="test_ssl_status_letsencrypt_pending" time="0.451" /><testcase classname="tests.test_iter9_ssl_badge" name="test_ssl_status_none_http" time="0.170" /><testcase classname="tests.test_iter9_ssl_badge" name="test_system_ssl_status_dict" time="0.165" /><testcase classname="tests.test_iter9_ssl_badge" name="test_dns_check_shape" time="0.335" /><testcase classname="tests.test_iter9_ssl_badge" name="test_renew_ssl_letsencrypt" time="0.134" /><testcase classname="tests.test_iter9_ssl_badge" name="test_renew_ssl_none_400" time="0.177" /><testcase classname="tests.test_iter9_ssl_badge" name="test_project_health" time="0.176" /><testcase classname="tests.test_iter9_ssl_badge" name="test_system_containers_health" time="0.170" /><testcase classname="tests.test_iter9_ssl_badge" name="test_capabilities_sandbox" time="0.227" /><testcase classname="tests.test_iter9_ssl_badge" name="test_backend_startup_no_scheduler_errors" time="0.333" /></testsuite></testsuites>