<?xml version="1.0" encoding="utf-8"?><testsuites name="pytest tests"><testsuite name="pytest" errors="0" failures="0" skipped="0" tests="6" time="3.314" timestamp="2026-07-21T12:42:11.999090+00:00" hostname="agent-env-a81ef064-9ff9-4507-9891-e9ad565bbc88"><testcase classname="tests.test_iter24_panel_updates" name="test_panel_updates_shape" time="0.969" /><testcase classname="tests.test_iter24_panel_updates" name="test_panel_updates_cached_fast" time="0.223" /><testcase classname="tests.test_iter24_panel_updates" name="test_panel_updates_force" time="0.229" /><testcase classname="tests.test_iter24_panel_updates" name="test_ops_returns_400_not_500[/api/ops/update-body0]" time="0.196" /><testcase classname="tests.test_iter24_panel_updates" name="test_ops_returns_400_not_500[/api/ops/fix-body1]" time="0.153" /><testcase classname="tests.test_iter24_panel_updates" name="test_ops_returns_400_not_500[/api/ops/restart-body2]" time="0.146" /></testsuite></testsuites>