<?xml version="1.0" encoding="utf-8"?><testsuites name="pytest tests"><testsuite name="pytest" errors="0" failures="0" skipped="0" tests="3" time="3.144" timestamp="2026-07-21T11:41:16.986485+00:00" hostname="agent-env-a81ef064-9ff9-4507-9891-e9ad565bbc88"><testcase classname="tests.test_iter23_domain_health" name="test_system_domains_health_map" time="0.968" /><testcase classname="tests.test_iter23_domain_health" name="test_project_domain_health_no_domain" time="0.180" /><testcase classname="tests.test_iter23_domain_health" name="test_project_domain_health_reachable_example_com" time="0.944" /></testsuite></testsuites>