<?xml version="1.0" encoding="utf-8"?><testsuites name="pytest tests"><testsuite name="pytest" errors="0" failures="0" skipped="0" tests="9" time="10.428" timestamp="2026-07-20T02:26:40.369922+00:00" hostname="agent-env-a81ef064-9ff9-4507-9891-e9ad565bbc88"><testcase classname="tests.test_iter8_dns_ssl" name="test_auth_login_returns_token" time="0.716" /><testcase classname="tests.test_iter8_dns_ssl" name="test_dns_check_with_domain" time="1.241" /><testcase classname="tests.test_iter8_dns_ssl" name="test_dns_check_no_domain" time="0.556" /><testcase classname="tests.test_iter8_dns_ssl" name="test_renew_ssl_letsencrypt_ok" time="3.701" /><testcase classname="tests.test_iter8_dns_ssl" name="test_renew_ssl_guard_none_mode" time="0.543" /><testcase classname="tests.test_iter8_dns_ssl" name="test_health_endpoint_regression" time="0.552" /><testcase classname="tests.test_iter8_dns_ssl" name="test_system_containers_health_regression" time="0.176" /><testcase classname="tests.test_iter8_dns_ssl" name="test_deploy_endpoint_regression" time="0.532" /><testcase classname="tests.test_iter8_dns_ssl" name="test_restart_monitor_no_crash" time="0.203" /></testsuite></testsuites>