<?xml version="1.0" encoding="utf-8"?><testsuites name="pytest tests"><testsuite name="pytest" errors="0" failures="1" skipped="0" tests="8" time="26.326" timestamp="2026-07-20T01:44:16.182442+00:00" hostname="agent-env-a81ef064-9ff9-4507-9891-e9ad565bbc88"><testcase classname="tests.test_new_features" name="test_login_returns_token" time="0.745" /><testcase classname="tests.test_new_features" name="test_project_health_graceful" time="0.542" /><testcase classname="tests.test_new_features" name="test_all_containers_health_graceful" time="0.191" /><testcase classname="tests.test_new_features" name="test_health_requires_auth" time="0.196" /><testcase classname="tests.test_new_features" name="test_deploy_log_rotation_max_20" time="21.256" /><testcase classname="tests.test_new_features" name="test_deploy_ends_with_error_status" time="2.256" /><testcase classname="tests.test_new_features" name="test_ws_container_logs_rejects_bad_token" time="0.259"><failure message="AssertionError: err_InvalidStatus&#10;assert ('1008' in 'err_InvalidStatus' or 'rejected' in 'err_InvalidStatus' or 'closed' in 'err_InvalidStatus')">backend/tests/test_new_features.py:148: in test_ws_container_logs_rejects_bad_token
    assert "1008" in result or "rejected" in result or "closed" in result, result
E   AssertionError: err_InvalidStatus
E   assert ('1008' in 'err_InvalidStatus' or 'rejected' in 'err_InvalidStatus' or 'closed' in 'err_InvalidStatus')</failure></testcase><testcase classname="tests.test_new_features" name="test_ws_container_logs_graceful_error_message" time="0.514" /></testsuite></testsuites>