<?xml version="1.0" encoding="utf-8"?><testsuites name="pytest tests"><testsuite name="pytest" errors="0" failures="0" skipped="0" tests="8" time="3.906" timestamp="2026-07-22T21:51:01.358754+00:00" hostname="agent-env-a81ef064-9ff9-4507-9891-e9ad565bbc88"><testcase classname="tests.test_phase5_regression" name="test_docs_swagger_ui" time="0.352" /><testcase classname="tests.test_phase5_regression" name="test_openapi_json_title" time="0.207" /><testcase classname="tests.test_phase5_regression" name="test_audit_verify_ok" time="0.641" /><testcase classname="tests.test_phase5_regression" name="test_audit_export_json" time="0.168" /><testcase classname="tests.test_phase5_regression" name="test_audit_export_csv" time="0.150" /><testcase classname="tests.test_phase5_regression" name="test_metrics_large_range" time="0.346" /><testcase classname="tests.test_phase5_regression" name="test_terminal_recordings_shape" time="0.214" /><testcase classname="tests.test_phase5_regression" name="test_projects_crud" time="0.619" /></testsuite></testsuites>