<?xml version="1.0" encoding="utf-8"?><testsuites name="pytest tests"><testsuite name="pytest" errors="0" failures="0" skipped="0" tests="9" time="57.767" timestamp="2026-07-22T21:23:39.560094+00:00" hostname="agent-env-a81ef064-9ff9-4507-9891-e9ad565bbc88"><testcase classname="tests.test_phase1_security" name="test_login_returns_token_and_user" time="0.492" /><testcase classname="tests.test_phase1_security" name="test_me_with_valid_token" time="0.535" /><testcase classname="tests.test_phase1_security" name="test_logout_revokes_current_token" time="1.087" /><testcase classname="tests.test_phase1_security" name="test_logout_all_invalidates_other_sessions" time="1.817" /><testcase classname="tests.test_phase1_security" name="test_brute_force_lockout_per_ip_username" time="0.887" /><testcase classname="tests.test_phase1_security" name="test_env_secret_plaintext_roundtrip" time="0.904" /><testcase classname="tests.test_phase1_security" name="test_rate_limit_allows_normal_usage" time="51.129" /><testcase classname="tests.test_phase1_security" name="test_projects_requires_auth" time="0.184" /><testcase classname="tests.test_phase1_security" name="test_projects_list_with_auth" time="0.580" /></testsuite></testsuites>