<?xml version="1.0" encoding="utf-8"?><testsuites name="pytest tests"><testsuite name="pytest" errors="0" failures="1" skipped="0" tests="6" time="10.032" timestamp="2026-07-20T04:14:05.325960+00:00" hostname="agent-env-a81ef064-9ff9-4507-9891-e9ad565bbc88"><testcase classname="tests.test_env_delivery.TestEnvDelivery" name="test_deploy_writes_env_files" time="7.655" /><testcase classname="tests.test_env_delivery.TestAuth" name="test_login_ok" time="1.075" /><testcase classname="tests.test_env_delivery.TestAuth" name="test_root_api" time="0.218" /><testcase classname="tests.test_env_delivery.TestRegression" name="test_ssl_status_endpoint" time="0.737"><failure message="assert 405 == 200&#10; +  where 405 = &lt;Response [405]&gt;.status_code">backend/tests/test_env_delivery.py:125: in test_ssl_status_endpoint
    assert r.status_code == 200
E   assert 405 == 200
E    +  where 405 = &lt;Response [405]&gt;.status_code</failure></testcase><testcase classname="tests.test_env_delivery.TestRegression" name="test_terminal_commands_list" time="0.136" /><testcase classname="tests.test_env_delivery.TestEnvDelivery" name="test_project_update_persists_env_vars" time="0.644" /></testsuite></testsuites>