<?xml version="1.0" encoding="utf-8"?><testsuites name="pytest tests"><testsuite name="pytest" errors="0" failures="0" skipped="1" tests="6" time="9.392" timestamp="2026-07-20T04:25:25.388757+00:00" hostname="agent-env-a81ef064-9ff9-4507-9891-e9ad565bbc88"><testcase classname="tests.test_env_scan" name="test_login_returns_token" time="1.020" /><testcase classname="tests.test_env_scan" name="test_env_scan_local_repo" time="1.076" /><testcase classname="tests.test_env_scan" name="test_env_scan_unclonable" time="1.403" /><testcase classname="tests.test_env_scan" name="test_root_endpoint" time="0.386" /><testcase classname="tests.test_env_scan" name="test_put_env_vars_persists" time="1.969" /><testcase classname="tests.test_env_scan" name="test_terminal_endpoint" time="0.512"><skipped type="pytest.skip" message="no terminal endpoint found (non-blocking)">/app/backend/tests/test_env_scan.py:193: no terminal endpoint found (non-blocking)</skipped></testcase></testsuite></testsuites>