<?xml version="1.0" encoding="utf-8"?><testsuites name="pytest tests"><testsuite name="pytest" errors="0" failures="0" skipped="0" tests="25" time="11.867" timestamp="2026-07-19T23:48:21.309484+00:00" hostname="agent-env-a81ef064-9ff9-4507-9891-e9ad565bbc88"><testcase classname="tests.backend_test.TestAuth" name="test_login_wrong_password" time="0.306" /><testcase classname="tests.backend_test.TestAuth" name="test_me_requires_auth" time="0.426" /><testcase classname="tests.backend_test.TestProjectsCRUD" name="test_create_project" time="1.342" /><testcase classname="tests.backend_test.TestAuth" name="test_me_ok" time="0.792" /><testcase classname="tests.backend_test.TestProjectsCRUD" name="test_list_projects" time="0.192" /><testcase classname="tests.backend_test.TestAuth" name="test_brute_force_lockout" time="1.235" /><testcase classname="tests.backend_test.TestProjectsCRUD" name="test_get_project" time="0.213" /><testcase classname="tests.backend_test.TestProjectsCRUD" name="test_update_project" time="0.341" /><testcase classname="tests.backend_test.TestProjectsCRUD" name="test_duplicate_slug_conflict" time="0.180" /><testcase classname="tests.backend_test.TestProjectsCRUD" name="test_deploy_starts" time="6.329" /><testcase classname="tests.backend_test.TestAuth" name="test_change_password_wrong_current" time="0.679" /><testcase classname="tests.backend_test.TestOps" name="test_ops_info" time="0.193" /><testcase classname="tests.backend_test.TestOps" name="test_ops_backups_list" time="0.155" /><testcase classname="tests.backend_test.TestOps" name="test_ops_telegram_status" time="0.192" /><testcase classname="tests.backend_test.TestOps" name="test_ops_backup_run_400_on_sandbox" time="0.222" /><testcase classname="tests.backend_test.TestAuthProtection" name="test_projects_requires_auth" time="0.178" /><testcase classname="tests.backend_test.TestAuthProtection" name="test_system_stats_requires_auth" time="0.199" /><testcase classname="tests.backend_test.TestAuthProtection" name="test_capabilities_requires_auth" time="0.143" /><testcase classname="tests.backend_test.TestSystem" name="test_stats" time="0.479" /><testcase classname="tests.backend_test.TestSystem" name="test_capabilities" time="0.189" /><testcase classname="tests.backend_test.TestProjectsCRUD" name="test_lifecycle_actions" time="0.490" /><testcase classname="tests.backend_test.TestProjectsCRUD" name="test_invalid_action" time="0.179" /><testcase classname="tests.backend_test.TestProjectsCRUD" name="test_container_logs" time="0.198" /><testcase classname="tests.backend_test.TestProjectsCRUD" name="test_delete_project" time="0.348" /><testcase classname="tests.backend_test.TestProjectsCRUD" name="test_invalid_project_id" time="0.190" /></testsuite></testsuites>