<?xml version="1.0" encoding="utf-8"?><testsuites name="pytest tests"><testsuite name="pytest" errors="0" failures="0" skipped="0" tests="19" time="13.257" timestamp="2026-07-19T22:24:23.705058+00:00" hostname="agent-env-a81ef064-9ff9-4507-9891-e9ad565bbc88"><testcase classname="tests.backend_test.TestAuth" name="test_login_wrong_password" time="1.248" /><testcase classname="tests.backend_test.TestProjectsCRUD" name="test_create_project" time="1.264" /><testcase classname="tests.backend_test.TestAuth" name="test_me_requires_auth" time="0.282" /><testcase classname="tests.backend_test.TestProjectsCRUD" name="test_list_projects" time="0.336" /><testcase classname="tests.backend_test.TestProjectsCRUD" name="test_get_project" time="0.554" /><testcase classname="tests.backend_test.TestAuth" name="test_me_ok" time="0.808" /><testcase classname="tests.backend_test.TestProjectsCRUD" name="test_update_project" time="0.464" /><testcase classname="tests.backend_test.TestAuthProtection" name="test_projects_requires_auth" time="0.204" /><testcase classname="tests.backend_test.TestAuthProtection" name="test_system_stats_requires_auth" time="0.155" /><testcase classname="tests.backend_test.TestProjectsCRUD" name="test_duplicate_slug_conflict" time="0.173" /><testcase classname="tests.backend_test.TestAuthProtection" name="test_capabilities_requires_auth" time="0.238" /><testcase classname="tests.backend_test.TestProjectsCRUD" name="test_deploy_starts" time="6.399" /><testcase classname="tests.backend_test.TestSystem" name="test_stats" time="0.522" /><testcase classname="tests.backend_test.TestSystem" name="test_capabilities" time="0.180" /><testcase classname="tests.backend_test.TestProjectsCRUD" name="test_lifecycle_actions" time="0.782" /><testcase classname="tests.backend_test.TestProjectsCRUD" name="test_invalid_action" time="0.248" /><testcase classname="tests.backend_test.TestProjectsCRUD" name="test_container_logs" time="0.226" /><testcase classname="tests.backend_test.TestProjectsCRUD" name="test_delete_project" time="0.422" /><testcase classname="tests.backend_test.TestProjectsCRUD" name="test_invalid_project_id" time="0.187" /></testsuite></testsuites>